Determining if the pthread_create exist failed with the following output:
Change Dir: /root/catkin_ws/build/CMakeFiles/CMakeTmp

Run Build Command:"/usr/bin/make" "cmTC_d2bbf/fast"
/usr/bin/make -f CMakeFiles/cmTC_d2bbf.dir/build.make CMakeFiles/cmTC_d2bbf.dir/build
make[1]: Entering directory '/root/catkin_ws/build/CMakeFiles/CMakeTmp'
Building C object CMakeFiles/cmTC_d2bbf.dir/CheckSymbolExists.c.o
/usr/bin/cc    -o CMakeFiles/cmTC_d2bbf.dir/CheckSymbolExists.c.o   -c /root/catkin_ws/build/CMakeFiles/CMakeTmp/CheckSymbolExists.c
Linking C executable cmTC_d2bbf
/usr/cmake-3.12.3-Linux-x86_64/bin/cmake -E cmake_link_script CMakeFiles/cmTC_d2bbf.dir/link.txt --verbose=1
/usr/bin/cc      -rdynamic CMakeFiles/cmTC_d2bbf.dir/CheckSymbolExists.c.o  -o cmTC_d2bbf 
CMakeFiles/cmTC_d2bbf.dir/CheckSymbolExists.c.o: In function `main':
CheckSymbolExists.c:(.text+0x16): undefined reference to `pthread_create'
collect2: error: ld returned 1 exit status
CMakeFiles/cmTC_d2bbf.dir/build.make:86: recipe for target 'cmTC_d2bbf' failed
make[1]: *** [cmTC_d2bbf] Error 1
make[1]: Leaving directory '/root/catkin_ws/build/CMakeFiles/CMakeTmp'
Makefile:121: recipe for target 'cmTC_d2bbf/fast' failed
make: *** [cmTC_d2bbf/fast] Error 2

File /root/catkin_ws/build/CMakeFiles/CMakeTmp/CheckSymbolExists.c:
/* */
#include <pthread.h>

int main(int argc, char** argv)
{
  (void)argv;
#ifndef pthread_create
  return ((int*)(&pthread_create))[argc];
#else
  (void)argc;
  return 0;
#endif
}

Determining if the function pthread_create exists in the pthreads failed with the following output:
Change Dir: /root/catkin_ws/build/CMakeFiles/CMakeTmp

Run Build Command:"/usr/bin/make" "cmTC_faf88/fast"
/usr/bin/make -f CMakeFiles/cmTC_faf88.dir/build.make CMakeFiles/cmTC_faf88.dir/build
make[1]: Entering directory '/root/catkin_ws/build/CMakeFiles/CMakeTmp'
Building C object CMakeFiles/cmTC_faf88.dir/CheckFunctionExists.c.o
/usr/bin/cc   -DCHECK_FUNCTION_EXISTS=pthread_create   -o CMakeFiles/cmTC_faf88.dir/CheckFunctionExists.c.o   -c /usr/cmake-3.12.3-Linux-x86_64/share/cmake-3.12/Modules/CheckFunctionExists.c
Linking C executable cmTC_faf88
/usr/cmake-3.12.3-Linux-x86_64/bin/cmake -E cmake_link_script CMakeFiles/cmTC_faf88.dir/link.txt --verbose=1
/usr/bin/cc  -DCHECK_FUNCTION_EXISTS=pthread_create    -rdynamic CMakeFiles/cmTC_faf88.dir/CheckFunctionExists.c.o  -o cmTC_faf88 -lpthreads 
/usr/bin/ld: cannot find -lpthreads
collect2: error: ld returned 1 exit status
CMakeFiles/cmTC_faf88.dir/build.make:86: recipe for target 'cmTC_faf88' failed
make[1]: *** [cmTC_faf88] Error 1
make[1]: Leaving directory '/root/catkin_ws/build/CMakeFiles/CMakeTmp'
Makefile:121: recipe for target 'cmTC_faf88/fast' failed
make: *** [cmTC_faf88/fast] Error 2


